{
    "/home/runner/work/a12n-server-admin/a12n-server-admin/playwright.config.ts": {
        "path": "/home/runner/work/a12n-server-admin/a12n-server-admin/playwright.config.ts",
        "all": true,
        "statementMap": {
            "0": { "start": { "line": 1, "column": 0 }, "end": { "line": 1, "column": 48 } },
            "1": { "start": { "line": 2, "column": 0 }, "end": { "line": 2, "column": 28 } },
            "3": { "start": { "line": 4, "column": 0 }, "end": { "line": 4, "column": 32 } },
            "5": { "start": { "line": 6, "column": 0 }, "end": { "line": 6, "column": 29 } },
            "6": { "start": { "line": 7, "column": 0 }, "end": { "line": 7, "column": 30 } },
            "7": { "start": { "line": 8, "column": 0 }, "end": { "line": 8, "column": 23 } },
            "8": { "start": { "line": 9, "column": 0 }, "end": { "line": 9, "column": 15 } },
            "9": { "start": { "line": 10, "column": 0 }, "end": { "line": 10, "column": 54 } },
            "10": { "start": { "line": 11, "column": 0 }, "end": { "line": 11, "column": 9 } },
            "11": { "start": { "line": 12, "column": 0 }, "end": { "line": 12, "column": 30 } },
            "12": { "start": { "line": 13, "column": 0 }, "end": { "line": 13, "column": 38 } },
            "13": { "start": { "line": 14, "column": 0 }, "end": { "line": 14, "column": 18 } },
            "14": { "start": { "line": 15, "column": 0 }, "end": { "line": 15, "column": 49 } },
            "15": { "start": { "line": 16, "column": 0 }, "end": { "line": 16, "column": 56 } },
            "16": { "start": { "line": 17, "column": 0 }, "end": { "line": 17, "column": 14 } },
            "17": { "start": { "line": 18, "column": 0 }, "end": { "line": 18, "column": 10 } },
            "18": { "start": { "line": 19, "column": 0 }, "end": { "line": 19, "column": 66 } },
            "21": { "start": { "line": 22, "column": 0 }, "end": { "line": 22, "column": 56 } },
            "22": { "start": { "line": 23, "column": 0 }, "end": { "line": 23, "column": 6 } },
            "24": { "start": { "line": 25, "column": 0 }, "end": { "line": 25, "column": 10 } },
            "26": { "start": { "line": 27, "column": 0 }, "end": { "line": 27, "column": 25 } },
            "27": { "start": { "line": 28, "column": 0 }, "end": { "line": 28, "column": 6 } },
            "28": { "start": { "line": 29, "column": 0 }, "end": { "line": 29, "column": 27 } },
            "29": { "start": { "line": 30, "column": 0 }, "end": { "line": 30, "column": 30 } },
            "30": { "start": { "line": 31, "column": 0 }, "end": { "line": 31, "column": 3 } }
        },
        "s": {
            "0": 0,
            "1": 0,
            "3": 0,
            "5": 0,
            "6": 0,
            "7": 0,
            "8": 0,
            "9": 0,
            "10": 0,
            "11": 0,
            "12": 0,
            "13": 0,
            "14": 0,
            "15": 0,
            "16": 0,
            "17": 0,
            "18": 0,
            "21": 0,
            "22": 0,
            "24": 0,
            "26": 0,
            "27": 0,
            "28": 0,
            "29": 0,
            "30": 0
        },
        "branchMap": {
            "0": {
                "type": "branch",
                "line": 1,
                "loc": { "start": { "line": 1, "column": 1010 }, "end": { "line": 31, "column": 3 } },
                "locations": [{ "start": { "line": 1, "column": 1010 }, "end": { "line": 31, "column": 3 } }]
            }
        },
        "b": { "0": [0] },
        "fnMap": {
            "0": {
                "name": "(empty-report)",
                "decl": { "start": { "line": 1, "column": 1010 }, "end": { "line": 31, "column": 3 } },
                "loc": { "start": { "line": 1, "column": 1010 }, "end": { "line": 31, "column": 3 } },
                "line": 1
            }
        },
        "f": { "0": 0 }
    },
    "/home/runner/work/a12n-server-admin/a12n-server-admin/playwright/fixtures.ts": {
        "path": "/home/runner/work/a12n-server-admin/a12n-server-admin/playwright/fixtures.ts",
        "all": true,
        "statementMap": {
            "1": { "start": { "line": 2, "column": 0 }, "end": { "line": 2, "column": 60 } },
            "2": { "start": { "line": 3, "column": 0 }, "end": { "line": 3, "column": 20 } },
            "3": { "start": { "line": 4, "column": 0 }, "end": { "line": 4, "column": 24 } },
            "4": { "start": { "line": 5, "column": 0 }, "end": { "line": 5, "column": 46 } },
            "6": { "start": { "line": 7, "column": 0 }, "end": { "line": 7, "column": 33 } },
            "8": { "start": { "line": 9, "column": 0 }, "end": { "line": 9, "column": 36 } },
            "13": { "start": { "line": 14, "column": 0 }, "end": { "line": 14, "column": 3 } },
            "14": { "start": { "line": 15, "column": 0 }, "end": { "line": 15, "column": 89 } },
            "17": { "start": { "line": 18, "column": 0 }, "end": { "line": 18, "column": 25 } },
            "18": { "start": { "line": 19, "column": 0 }, "end": { "line": 19, "column": 44 } },
            "19": { "start": { "line": 20, "column": 0 }, "end": { "line": 20, "column": 92 } },
            "21": { "start": { "line": 22, "column": 0 }, "end": { "line": 22, "column": 42 } },
            "23": { "start": { "line": 24, "column": 0 }, "end": { "line": 24, "column": 43 } },
            "24": { "start": { "line": 25, "column": 0 }, "end": { "line": 25, "column": 23 } },
            "25": { "start": { "line": 26, "column": 0 }, "end": { "line": 26, "column": 13 } },
            "28": { "start": { "line": 29, "column": 0 }, "end": { "line": 29, "column": 76 } },
            "30": { "start": { "line": 31, "column": 0 }, "end": { "line": 31, "column": 56 } },
            "32": { "start": { "line": 33, "column": 0 }, "end": { "line": 33, "column": 81 } },
            "34": { "start": { "line": 35, "column": 0 }, "end": { "line": 35, "column": 91 } },
            "35": { "start": { "line": 36, "column": 0 }, "end": { "line": 36, "column": 94 } },
            "36": { "start": { "line": 37, "column": 0 }, "end": { "line": 37, "column": 54 } },
            "38": { "start": { "line": 39, "column": 0 }, "end": { "line": 39, "column": 68 } },
            "40": { "start": { "line": 41, "column": 0 }, "end": { "line": 41, "column": 66 } },
            "41": { "start": { "line": 42, "column": 0 }, "end": { "line": 42, "column": 31 } },
            "43": { "start": { "line": 44, "column": 0 }, "end": { "line": 44, "column": 39 } },
            "44": { "start": { "line": 45, "column": 0 }, "end": { "line": 45, "column": 10 } },
            "45": { "start": { "line": 46, "column": 0 }, "end": { "line": 46, "column": 28 } },
            "46": { "start": { "line": 47, "column": 0 }, "end": { "line": 47, "column": 6 } },
            "47": { "start": { "line": 48, "column": 0 }, "end": { "line": 48, "column": 3 } }
        },
        "s": {
            "1": 0,
            "2": 0,
            "3": 0,
            "4": 0,
            "6": 0,
            "8": 0,
            "13": 0,
            "14": 0,
            "17": 0,
            "18": 0,
            "19": 0,
            "21": 0,
            "23": 0,
            "24": 0,
            "25": 0,
            "28": 0,
            "30": 0,
            "32": 0,
            "34": 0,
            "35": 0,
            "36": 0,
            "38": 0,
            "40": 0,
            "41": 0,
            "43": 0,
            "44": 0,
            "45": 0,
            "46": 0,
            "47": 0
        },
        "branchMap": {
            "0": {
                "type": "branch",
                "line": 1,
                "loc": { "start": { "line": 1, "column": 1682 }, "end": { "line": 48, "column": 3 } },
                "locations": [{ "start": { "line": 1, "column": 1682 }, "end": { "line": 48, "column": 3 } }]
            }
        },
        "b": { "0": [1] },
        "fnMap": {
            "0": {
                "name": "(empty-report)",
                "decl": { "start": { "line": 1, "column": 1682 }, "end": { "line": 48, "column": 3 } },
                "loc": { "start": { "line": 1, "column": 1682 }, "end": { "line": 48, "column": 3 } },
                "line": 1
            }
        },
        "f": { "0": 1 }
    },
    "/home/runner/work/a12n-server-admin/a12n-server-admin/src/App.tsx": {
        "path": "/home/runner/work/a12n-server-admin/a12n-server-admin/src/App.tsx",
        "all": true,
        "statementMap": {
            "0": { "start": { "line": 1, "column": 0 }, "end": { "line": 1, "column": 37 } },
            "1": { "start": { "line": 2, "column": 0 }, "end": { "line": 2, "column": 74 } },
            "2": { "start": { "line": 3, "column": 0 }, "end": { "line": 3, "column": 48 } },
            "3": { "start": { "line": 4, "column": 0 }, "end": { "line": 4, "column": 87 } },
            "4": { "start": { "line": 5, "column": 0 }, "end": { "line": 5, "column": 38 } },
            "5": { "start": { "line": 6, "column": 0 }, "end": { "line": 6, "column": 21 } },
            "7": { "start": { "line": 8, "column": 0 }, "end": { "line": 8, "column": 73 } },
            "8": { "start": { "line": 9, "column": 0 }, "end": { "line": 9, "column": 68 } },
            "9": { "start": { "line": 10, "column": 0 }, "end": { "line": 10, "column": 49 } },
            "10": { "start": { "line": 11, "column": 0 }, "end": { "line": 11, "column": 44 } },
            "11": { "start": { "line": 12, "column": 0 }, "end": { "line": 12, "column": 72 } },
            "12": { "start": { "line": 13, "column": 0 }, "end": { "line": 13, "column": 41 } },
            "14": { "start": { "line": 15, "column": 0 }, "end": { "line": 15, "column": 37 } },
            "15": { "start": { "line": 16, "column": 0 }, "end": { "line": 16, "column": 21 } },
            "16": { "start": { "line": 17, "column": 0 }, "end": { "line": 17, "column": 18 } },
            "17": { "start": { "line": 18, "column": 0 }, "end": { "line": 18, "column": 50 } },
            "18": { "start": { "line": 19, "column": 0 }, "end": { "line": 19, "column": 49 } },
            "19": { "start": { "line": 20, "column": 0 }, "end": { "line": 20, "column": 28 } },
            "20": { "start": { "line": 21, "column": 0 }, "end": { "line": 21, "column": 14 } },
            "21": { "start": { "line": 22, "column": 0 }, "end": { "line": 22, "column": 10 } },
            "22": { "start": { "line": 23, "column": 0 }, "end": { "line": 23, "column": 6 } },
            "23": { "start": { "line": 24, "column": 0 }, "end": { "line": 24, "column": 3 } },
            "25": { "start": { "line": 26, "column": 0 }, "end": { "line": 26, "column": 16 } },
            "26": { "start": { "line": 27, "column": 0 }, "end": { "line": 27, "column": 12 } },
            "27": { "start": { "line": 28, "column": 0 }, "end": { "line": 28, "column": 16 } },
            "28": { "start": { "line": 29, "column": 0 }, "end": { "line": 29, "column": 54 } },
            "29": { "start": { "line": 30, "column": 0 }, "end": { "line": 30, "column": 82 } },
            "30": { "start": { "line": 31, "column": 0 }, "end": { "line": 31, "column": 64 } },
            "32": { "start": { "line": 33, "column": 0 }, "end": { "line": 33, "column": 31 } },
            "33": { "start": { "line": 34, "column": 0 }, "end": { "line": 34, "column": 28 } },
            "34": { "start": { "line": 35, "column": 0 }, "end": { "line": 35, "column": 98 } },
            "35": { "start": { "line": 36, "column": 0 }, "end": { "line": 36, "column": 90 } },
            "36": { "start": { "line": 37, "column": 0 }, "end": { "line": 37, "column": 103 } },
            "37": { "start": { "line": 38, "column": 0 }, "end": { "line": 38, "column": 34 } },
            "38": { "start": { "line": 39, "column": 0 }, "end": { "line": 39, "column": 64 } },
            "39": { "start": { "line": 40, "column": 0 }, "end": { "line": 40, "column": 41 } },
            "40": { "start": { "line": 41, "column": 0 }, "end": { "line": 41, "column": 47 } },
            "41": { "start": { "line": 42, "column": 0 }, "end": { "line": 42, "column": 52 } },
            "42": { "start": { "line": 43, "column": 0 }, "end": { "line": 43, "column": 48 } },
            "44": { "start": { "line": 45, "column": 0 }, "end": { "line": 45, "column": 30 } },
            "45": { "start": { "line": 46, "column": 0 }, "end": { "line": 46, "column": 34 } },
            "46": { "start": { "line": 47, "column": 0 }, "end": { "line": 47, "column": 66 } },
            "47": { "start": { "line": 48, "column": 0 }, "end": { "line": 48, "column": 41 } },
            "48": { "start": { "line": 49, "column": 0 }, "end": { "line": 49, "column": 47 } },
            "49": { "start": { "line": 50, "column": 0 }, "end": { "line": 50, "column": 54 } },
            "50": { "start": { "line": 51, "column": 0 }, "end": { "line": 51, "column": 48 } },
            "52": { "start": { "line": 53, "column": 0 }, "end": { "line": 53, "column": 30 } },
            "53": { "start": { "line": 54, "column": 0 }, "end": { "line": 54, "column": 34 } },
            "54": { "start": { "line": 55, "column": 0 }, "end": { "line": 55, "column": 65 } },
            "55": { "start": { "line": 56, "column": 0 }, "end": { "line": 56, "column": 41 } },
            "56": { "start": { "line": 57, "column": 0 }, "end": { "line": 57, "column": 47 } },
            "57": { "start": { "line": 58, "column": 0 }, "end": { "line": 58, "column": 53 } },
            "58": { "start": { "line": 59, "column": 0 }, "end": { "line": 59, "column": 48 } },
            "60": { "start": { "line": 61, "column": 0 }, "end": { "line": 61, "column": 30 } },
            "61": { "start": { "line": 62, "column": 0 }, "end": { "line": 62, "column": 34 } },
            "62": { "start": { "line": 63, "column": 0 }, "end": { "line": 63, "column": 63 } },
            "63": { "start": { "line": 64, "column": 0 }, "end": { "line": 64, "column": 41 } },
            "64": { "start": { "line": 65, "column": 0 }, "end": { "line": 65, "column": 47 } },
            "65": { "start": { "line": 66, "column": 0 }, "end": { "line": 66, "column": 51 } },
            "66": { "start": { "line": 67, "column": 0 }, "end": { "line": 67, "column": 48 } },
            "68": { "start": { "line": 69, "column": 0 }, "end": { "line": 69, "column": 30 } },
            "69": { "start": { "line": 70, "column": 0 }, "end": { "line": 70, "column": 32 } },
            "70": { "start": { "line": 71, "column": 0 }, "end": { "line": 71, "column": 91 } },
            "71": { "start": { "line": 72, "column": 0 }, "end": { "line": 72, "column": 69 } },
            "72": { "start": { "line": 73, "column": 0 }, "end": { "line": 73, "column": 29 } },
            "73": { "start": { "line": 74, "column": 0 }, "end": { "line": 74, "column": 32 } },
            "74": { "start": { "line": 75, "column": 0 }, "end": { "line": 75, "column": 34 } },
            "75": { "start": { "line": 76, "column": 0 }, "end": { "line": 76, "column": 30 } },
            "76": { "start": { "line": 77, "column": 0 }, "end": { "line": 77, "column": 17 } },
            "78": { "start": { "line": 79, "column": 0 }, "end": { "line": 79, "column": 1 } },
            "80": { "start": { "line": 81, "column": 0 }, "end": { "line": 81, "column": 19 } }
        },
        "s": {
            "0": 0,
            "1": 0,
            "2": 0,
            "3": 0,
            "4": 0,
            "5": 0,
            "7": 0,
            "8": 0,
            "9": 0,
            "10": 0,
            "11": 0,
            "12": 0,
            "14": 0,
            "15": 0,
            "16": 0,
            "17": 0,
            "18": 0,
            "19": 0,
            "20": 0,
            "21": 0,
            "22": 0,
            "23": 0,
            "25": 0,
            "26": 0,
            "27": 0,
            "28": 0,
            "29": 0,
            "30": 0,
            "32": 0,
            "33": 0,
            "34": 0,
            "35": 0,
            "36": 0,
            "37": 0,
            "38": 0,
            "39": 0,
            "40": 0,
            "41": 0,
            "42": 0,
            "44": 0,
            "45": 0,
            "46": 0,
            "47": 0,
            "48": 0,
            "49": 0,
            "50": 0,
            "52": 0,
            "53": 0,
            "54": 0,
            "55": 0,
            "56": 0,
            "57": 0,
            "58": 0,
            "60": 0,
            "61": 0,
            "62": 0,
            "63": 0,
            "64": 0,
            "65": 0,
            "66": 0,
            "68": 0,
            "69": 0,
            "70": 0,
            "71": 0,
            "72": 0,
            "73": 0,
            "74": 0,
            "75": 0,
            "76": 0,
            "78": 0,
            "80": 0
        },
        "branchMap": {
            "0": {
                "type": "branch",
                "line": 1,
                "loc": { "start": { "line": 1, "column": 3340 }, "end": { "line": 81, "column": 19 } },
                "locations": [{ "start": { "line": 1, "column": 3340 }, "end": { "line": 81, "column": 19 } }]
            }
        },
        "b": { "0": [0] },
        "fnMap": {
            "0": {
                "name": "(empty-report)",
                "decl": { "start": { "line": 1, "column": 3340 }, "end": { "line": 81, "column": 19 } },
                "loc": { "start": { "line": 1, "column": 3340 }, "end": { "line": 81, "column": 19 } },
                "line": 1
            }
        },
        "f": { "0": 0 }
    },
    "/home/runner/work/a12n-server-admin/a12n-server-admin/src/main.tsx": {
        "path": "/home/runner/work/a12n-server-admin/a12n-server-admin/src/main.tsx",
        "all": true,
        "statementMap": {
            "0": { "start": { "line": 1, "column": 0 }, "end": { "line": 1, "column": 53 } },
            "1": { "start": { "line": 2, "column": 0 }, "end": { "line": 2, "column": 71 } },
            "2": { "start": { "line": 3, "column": 0 }, "end": { "line": 3, "column": 35 } },
            "3": { "start": { "line": 4, "column": 0 }, "end": { "line": 4, "column": 46 } },
            "4": { "start": { "line": 5, "column": 0 }, "end": { "line": 5, "column": 24 } },
            "6": { "start": { "line": 7, "column": 0 }, "end": { "line": 7, "column": 53 } },
            "8": { "start": { "line": 9, "column": 0 }, "end": { "line": 9, "column": 52 } },
            "9": { "start": { "line": 10, "column": 0 }, "end": { "line": 10, "column": 16 } },
            "10": { "start": { "line": 11, "column": 0 }, "end": { "line": 11, "column": 15 } },
            "11": { "start": { "line": 12, "column": 0 }, "end": { "line": 12, "column": 19 } },
            "12": { "start": { "line": 13, "column": 0 }, "end": { "line": 13, "column": 46 } },
            "13": { "start": { "line": 14, "column": 0 }, "end": { "line": 14, "column": 16 } },
            "14": { "start": { "line": 15, "column": 0 }, "end": { "line": 15, "column": 18 } },
            "15": { "start": { "line": 16, "column": 0 }, "end": { "line": 16, "column": 2 } }
        },
        "s": {
            "0": 0,
            "1": 0,
            "2": 0,
            "3": 0,
            "4": 0,
            "6": 0,
            "8": 0,
            "9": 0,
            "10": 0,
            "11": 0,
            "12": 0,
            "13": 0,
            "14": 0,
            "15": 0
        },
        "branchMap": {
            "0": {
                "type": "branch",
                "line": 1,
                "loc": { "start": { "line": 1, "column": 388 }, "end": { "line": 16, "column": -271 } },
                "locations": [{ "start": { "line": 1, "column": 388 }, "end": { "line": 16, "column": -271 } }]
            }
        },
        "b": { "0": [0] },
        "fnMap": {
            "0": {
                "name": "(empty-report)",
                "decl": { "start": { "line": 1, "column": 388 }, "end": { "line": 16, "column": -271 } },
                "loc": { "start": { "line": 1, "column": 388 }, "end": { "line": 16, "column": -271 } },
                "line": 1
            }
        },
        "f": { "0": 0 }
    },
    "/home/runner/work/a12n-server-admin/a12n-server-admin/src/routes.ts": {
        "path": "/home/runner/work/a12n-server-admin/a12n-server-admin/src/routes.ts",
        "all": false,
        "statementMap": {
            "0": { "start": { "line": 1, "column": 0 }, "end": { "line": 1, "column": 30 } },
            "1": { "start": { "line": 2, "column": 0 }, "end": { "line": 2, "column": 14 } },
            "2": { "start": { "line": 3, "column": 0 }, "end": { "line": 3, "column": 34 } },
            "3": { "start": { "line": 4, "column": 0 }, "end": { "line": 4, "column": 36 } },
            "4": { "start": { "line": 5, "column": 0 }, "end": { "line": 5, "column": 32 } },
            "5": { "start": { "line": 6, "column": 0 }, "end": { "line": 6, "column": 36 } },
            "6": { "start": { "line": 7, "column": 0 }, "end": { "line": 7, "column": 34 } },
            "7": { "start": { "line": 8, "column": 0 }, "end": { "line": 8, "column": 38 } },
            "8": { "start": { "line": 9, "column": 0 }, "end": { "line": 9, "column": 30 } },
            "9": { "start": { "line": 10, "column": 0 }, "end": { "line": 10, "column": 34 } },
            "10": { "start": { "line": 11, "column": 0 }, "end": { "line": 11, "column": 42 } },
            "11": { "start": { "line": 12, "column": 0 }, "end": { "line": 12, "column": 46 } },
            "12": { "start": { "line": 13, "column": 0 }, "end": { "line": 13, "column": 22 } },
            "13": { "start": { "line": 14, "column": 0 }, "end": { "line": 14, "column": 2 } },
            "15": { "start": { "line": 16, "column": 0 }, "end": { "line": 16, "column": 30 } },
            "16": { "start": { "line": 17, "column": 0 }, "end": { "line": 17, "column": 20 } },
            "17": { "start": { "line": 18, "column": 0 }, "end": { "line": 18, "column": 19 } },
            "18": { "start": { "line": 19, "column": 0 }, "end": { "line": 19, "column": 29 } },
            "19": { "start": { "line": 20, "column": 0 }, "end": { "line": 20, "column": 17 } },
            "20": { "start": { "line": 21, "column": 0 }, "end": { "line": 21, "column": 21 } },
            "21": { "start": { "line": 22, "column": 0 }, "end": { "line": 22, "column": 45 } },
            "22": { "start": { "line": 23, "column": 0 }, "end": { "line": 23, "column": 2 } }
        },
        "s": {
            "0": 1,
            "1": 1,
            "2": 1,
            "3": 1,
            "4": 1,
            "5": 1,
            "6": 1,
            "7": 1,
            "8": 1,
            "9": 1,
            "10": 1,
            "11": 1,
            "12": 1,
            "13": 1,
            "15": 1,
            "16": 1,
            "17": 1,
            "18": 1,
            "19": 1,
            "20": 1,
            "21": 1,
            "22": 1
        },
        "branchMap": {},
        "b": {},
        "fnMap": {},
        "f": {}
    },
    "/home/runner/work/a12n-server-admin/a12n-server-admin/src/api/core.ts": {
        "path": "/home/runner/work/a12n-server-admin/a12n-server-admin/src/api/core.ts",
        "all": true,
        "statementMap": {
            "0": { "start": { "line": 1, "column": 0 }, "end": { "line": 1, "column": 92 } },
            "1": { "start": { "line": 2, "column": 0 }, "end": { "line": 2, "column": 69 } },
            "11": { "start": { "line": 12, "column": 0 }, "end": { "line": 12, "column": 41 } },
            "13": { "start": { "line": 14, "column": 0 }, "end": { "line": 14, "column": 26 } },
            "14": { "start": { "line": 15, "column": 0 }, "end": { "line": 15, "column": 16 } },
            "15": { "start": { "line": 16, "column": 0 }, "end": { "line": 16, "column": 18 } },
            "16": { "start": { "line": 17, "column": 0 }, "end": { "line": 17, "column": 16 } },
            "17": { "start": { "line": 18, "column": 0 }, "end": { "line": 18, "column": 20 } },
            "18": { "start": { "line": 19, "column": 0 }, "end": { "line": 19, "column": 22 } },
            "20": { "start": { "line": 21, "column": 0 }, "end": { "line": 21, "column": 15 } },
            "21": { "start": { "line": 22, "column": 0 }, "end": { "line": 22, "column": 26 } },
            "22": { "start": { "line": 23, "column": 0 }, "end": { "line": 23, "column": 21 } },
            "24": { "start": { "line": 25, "column": 0 }, "end": { "line": 25, "column": 36 } },
            "25": { "start": { "line": 26, "column": 0 }, "end": { "line": 26, "column": 30 } },
            "26": { "start": { "line": 27, "column": 0 }, "end": { "line": 27, "column": 86 } },
            "27": { "start": { "line": 28, "column": 0 }, "end": { "line": 28, "column": 5 } },
            "29": { "start": { "line": 30, "column": 0 }, "end": { "line": 30, "column": 12 } },
            "30": { "start": { "line": 31, "column": 0 }, "end": { "line": 31, "column": 15 } },
            "31": { "start": { "line": 32, "column": 0 }, "end": { "line": 32, "column": 15 } },
            "32": { "start": { "line": 33, "column": 0 }, "end": { "line": 33, "column": 22 } },
            "33": { "start": { "line": 34, "column": 0 }, "end": { "line": 34, "column": 16 } },
            "34": { "start": { "line": 35, "column": 0 }, "end": { "line": 35, "column": 90 } },
            "35": { "start": { "line": 36, "column": 0 }, "end": { "line": 36, "column": 34 } },
            "36": { "start": { "line": 37, "column": 0 }, "end": { "line": 37, "column": 37 } },
            "37": { "start": { "line": 38, "column": 0 }, "end": { "line": 38, "column": 19 } },
            "38": { "start": { "line": 39, "column": 0 }, "end": { "line": 39, "column": 19 } },
            "39": { "start": { "line": 40, "column": 0 }, "end": { "line": 40, "column": 26 } },
            "40": { "start": { "line": 41, "column": 0 }, "end": { "line": 41, "column": 20 } },
            "41": { "start": { "line": 42, "column": 0 }, "end": { "line": 42, "column": 11 } },
            "43": { "start": { "line": 44, "column": 0 }, "end": { "line": 44, "column": 13 } },
            "44": { "start": { "line": 45, "column": 0 }, "end": { "line": 45, "column": 15 } },
            "45": { "start": { "line": 46, "column": 0 }, "end": { "line": 46, "column": 13 } },
            "46": { "start": { "line": 47, "column": 0 }, "end": { "line": 47, "column": 15 } },
            "47": { "start": { "line": 48, "column": 0 }, "end": { "line": 48, "column": 22 } },
            "48": { "start": { "line": 49, "column": 0 }, "end": { "line": 49, "column": 16 } },
            "49": { "start": { "line": 50, "column": 0 }, "end": { "line": 50, "column": 69 } },
            "50": { "start": { "line": 51, "column": 0 }, "end": { "line": 51, "column": 34 } },
            "51": { "start": { "line": 52, "column": 0 }, "end": { "line": 52, "column": 38 } },
            "52": { "start": { "line": 53, "column": 0 }, "end": { "line": 53, "column": 19 } },
            "53": { "start": { "line": 54, "column": 0 }, "end": { "line": 54, "column": 17 } },
            "54": { "start": { "line": 55, "column": 0 }, "end": { "line": 55, "column": 19 } },
            "55": { "start": { "line": 56, "column": 0 }, "end": { "line": 56, "column": 26 } },
            "56": { "start": { "line": 57, "column": 0 }, "end": { "line": 57, "column": 20 } },
            "57": { "start": { "line": 58, "column": 0 }, "end": { "line": 58, "column": 11 } },
            "59": { "start": { "line": 60, "column": 0 }, "end": { "line": 60, "column": 12 } },
            "60": { "start": { "line": 61, "column": 0 }, "end": { "line": 61, "column": 15 } },
            "61": { "start": { "line": 62, "column": 0 }, "end": { "line": 62, "column": 13 } },
            "62": { "start": { "line": 63, "column": 0 }, "end": { "line": 63, "column": 15 } },
            "63": { "start": { "line": 64, "column": 0 }, "end": { "line": 64, "column": 22 } },
            "64": { "start": { "line": 65, "column": 0 }, "end": { "line": 65, "column": 16 } },
            "65": { "start": { "line": 66, "column": 0 }, "end": { "line": 66, "column": 69 } },
            "66": { "start": { "line": 67, "column": 0 }, "end": { "line": 67, "column": 34 } },
            "67": { "start": { "line": 68, "column": 0 }, "end": { "line": 68, "column": 37 } },
            "68": { "start": { "line": 69, "column": 0 }, "end": { "line": 69, "column": 19 } },
            "69": { "start": { "line": 70, "column": 0 }, "end": { "line": 70, "column": 17 } },
            "70": { "start": { "line": 71, "column": 0 }, "end": { "line": 71, "column": 19 } },
            "71": { "start": { "line": 72, "column": 0 }, "end": { "line": 72, "column": 26 } },
            "72": { "start": { "line": 73, "column": 0 }, "end": { "line": 73, "column": 20 } },
            "73": { "start": { "line": 74, "column": 0 }, "end": { "line": 74, "column": 11 } },
            "75": { "start": { "line": 76, "column": 0 }, "end": { "line": 76, "column": 14 } },
            "76": { "start": { "line": 77, "column": 0 }, "end": { "line": 77, "column": 15 } },
            "77": { "start": { "line": 78, "column": 0 }, "end": { "line": 78, "column": 13 } },
            "78": { "start": { "line": 79, "column": 0 }, "end": { "line": 79, "column": 15 } },
            "79": { "start": { "line": 80, "column": 0 }, "end": { "line": 80, "column": 22 } },
            "80": { "start": { "line": 81, "column": 0 }, "end": { "line": 81, "column": 16 } },
            "81": { "start": { "line": 82, "column": 0 }, "end": { "line": 82, "column": 69 } },
            "82": { "start": { "line": 83, "column": 0 }, "end": { "line": 83, "column": 34 } },
            "83": { "start": { "line": 84, "column": 0 }, "end": { "line": 84, "column": 39 } },
            "84": { "start": { "line": 85, "column": 0 }, "end": { "line": 85, "column": 19 } },
            "85": { "start": { "line": 86, "column": 0 }, "end": { "line": 86, "column": 17 } },
            "86": { "start": { "line": 87, "column": 0 }, "end": { "line": 87, "column": 19 } },
            "87": { "start": { "line": 88, "column": 0 }, "end": { "line": 88, "column": 26 } },
            "88": { "start": { "line": 89, "column": 0 }, "end": { "line": 89, "column": 20 } },
            "89": { "start": { "line": 90, "column": 0 }, "end": { "line": 90, "column": 11 } },
            "91": { "start": { "line": 92, "column": 0 }, "end": { "line": 92, "column": 117 } },
            "92": { "start": { "line": 93, "column": 0 }, "end": { "line": 93, "column": 34 } },
            "93": { "start": { "line": 94, "column": 0 }, "end": { "line": 94, "column": 40 } },
            "94": { "start": { "line": 95, "column": 0 }, "end": { "line": 95, "column": 19 } },
            "95": { "start": { "line": 96, "column": 0 }, "end": { "line": 96, "column": 19 } },
            "96": { "start": { "line": 97, "column": 0 }, "end": { "line": 97, "column": 26 } },
            "97": { "start": { "line": 98, "column": 0 }, "end": { "line": 98, "column": 20 } },
            "98": { "start": { "line": 99, "column": 0 }, "end": { "line": 99, "column": 11 } },
            "100": { "start": { "line": 101, "column": 0 }, "end": { "line": 101, "column": 34 } },
            "101": { "start": { "line": 102, "column": 0 }, "end": { "line": 102, "column": 15 } },
            "102": { "start": { "line": 103, "column": 0 }, "end": { "line": 103, "column": 20 } },
            "103": { "start": { "line": 104, "column": 0 }, "end": { "line": 104, "column": 18 } },
            "104": { "start": { "line": 105, "column": 0 }, "end": { "line": 105, "column": 15 } },
            "105": { "start": { "line": 106, "column": 0 }, "end": { "line": 106, "column": 27 } },
            "106": { "start": { "line": 107, "column": 0 }, "end": { "line": 107, "column": 16 } },
            "107": { "start": { "line": 108, "column": 0 }, "end": { "line": 108, "column": 8 } },
            "114": { "start": { "line": 115, "column": 0 }, "end": { "line": 115, "column": 72 } },
            "115": { "start": { "line": 116, "column": 0 }, "end": { "line": 116, "column": 13 } },
            "116": { "start": { "line": 117, "column": 0 }, "end": { "line": 117, "column": 56 } },
            "117": { "start": { "line": 118, "column": 0 }, "end": { "line": 118, "column": 83 } },
            "118": { "start": { "line": 119, "column": 0 }, "end": { "line": 119, "column": 70 } },
            "120": { "start": { "line": 121, "column": 0 }, "end": { "line": 121, "column": 50 } },
            "121": { "start": { "line": 122, "column": 0 }, "end": { "line": 122, "column": 115 } },
            "122": { "start": { "line": 123, "column": 0 }, "end": { "line": 123, "column": 89 } },
            "123": { "start": { "line": 124, "column": 0 }, "end": { "line": 124, "column": 33 } },
            "124": { "start": { "line": 125, "column": 0 }, "end": { "line": 125, "column": 25 } },
            "125": { "start": { "line": 126, "column": 0 }, "end": { "line": 126, "column": 60 } },
            "127": { "start": { "line": 128, "column": 0 }, "end": { "line": 128, "column": 50 } },
            "128": { "start": { "line": 129, "column": 0 }, "end": { "line": 129, "column": 101 } },
            "130": { "start": { "line": 131, "column": 0 }, "end": { "line": 131, "column": 56 } },
            "131": { "start": { "line": 132, "column": 0 }, "end": { "line": 132, "column": 61 } },
            "132": { "start": { "line": 133, "column": 0 }, "end": { "line": 133, "column": 9 } },
            "133": { "start": { "line": 134, "column": 0 }, "end": { "line": 134, "column": 6 } },
            "134": { "start": { "line": 135, "column": 0 }, "end": { "line": 135, "column": 1 } },
            "136": { "start": { "line": 137, "column": 0 }, "end": { "line": 137, "column": 23 } }
        },
        "s": {
            "0": 0,
            "1": 0,
            "11": 0,
            "13": 0,
            "14": 0,
            "15": 0,
            "16": 0,
            "17": 0,
            "18": 0,
            "20": 0,
            "21": 0,
            "22": 0,
            "24": 0,
            "25": 0,
            "26": 0,
            "27": 0,
            "29": 0,
            "30": 0,
            "31": 0,
            "32": 0,
            "33": 0,
            "34": 0,
            "35": 0,
            "36": 0,
            "37": 0,
            "38": 0,
            "39": 0,
            "40": 0,
            "41": 0,
            "43": 0,
            "44": 0,
            "45": 0,
            "46": 0,
            "47": 0,
            "48": 0,
            "49": 0,
            "50": 0,
            "51": 0,
            "52": 0,
            "53": 0,
            "54": 0,
            "55": 0,
            "56": 0,
            "57": 0,
            "59": 0,
            "60": 0,
            "61": 0,
            "62": 0,
            "63": 0,
            "64": 0,
            "65": 0,
            "66": 0,
            "67": 0,
            "68": 0,
            "69": 0,
            "70": 0,
            "71": 0,
            "72": 0,
            "73": 0,
            "75": 0,
            "76": 0,
            "77": 0,
            "78": 0,
            "79": 0,
            "80": 0,
            "81": 0,
            "82": 0,
            "83": 0,
            "84": 0,
            "85": 0,
            "86": 0,
            "87": 0,
            "88": 0,
            "89": 0,
            "91": 0,
            "92": 0,
            "93": 0,
            "94": 0,
            "95": 0,
            "96": 0,
            "97": 0,
            "98": 0,
            "100": 0,
            "101": 0,
            "102": 0,
            "103": 0,
            "104": 0,
            "105": 0,
            "106": 0,
            "107": 0,
            "114": 0,
            "115": 0,
            "116": 0,
            "117": 0,
            "118": 0,
            "120": 0,
            "121": 0,
            "122": 0,
            "123": 0,
            "124": 0,
            "125": 0,
            "127": 0,
            "128": 0,
            "130": 0,
            "131": 0,
            "132": 0,
            "133": 0,
            "134": 0,
            "136": 0
        },
        "branchMap": {
            "0": {
                "type": "branch",
                "line": 1,
                "loc": { "start": { "line": 1, "column": 3867 }, "end": { "line": 137, "column": 23 } },
                "locations": [{ "start": { "line": 1, "column": 3867 }, "end": { "line": 137, "column": 23 } }]
            }
        },
        "b": { "0": [0] },
        "fnMap": {
            "0": {
                "name": "(empty-report)",
                "decl": { "start": { "line": 1, "column": 3867 }, "end": { "line": 137, "column": 23 } },
                "loc": { "start": { "line": 1, "column": 3867 }, "end": { "line": 137, "column": 23 } },
                "line": 1
            }
        },
        "f": { "0": 0 }
    },
    "/home/runner/work/a12n-server-admin/a12n-server-admin/src/api/index.ts": {
        "path": "/home/runner/work/a12n-server-admin/a12n-server-admin/src/api/index.ts",
        "all": true,
        "statementMap": {
            "0": { "start": { "line": 1, "column": 0 }, "end": { "line": 1, "column": 23 } },
            "1": { "start": { "line": 2, "column": 0 }, "end": { "line": 2, "column": 44 } },
            "2": { "start": { "line": 3, "column": 0 }, "end": { "line": 3, "column": 25 } },
            "3": { "start": { "line": 4, "column": 0 }, "end": { "line": 4, "column": 31 } },
            "4": { "start": { "line": 5, "column": 0 }, "end": { "line": 5, "column": 29 } },
            "5": { "start": { "line": 6, "column": 0 }, "end": { "line": 6, "column": 24 } }
        },
        "s": { "0": 0, "1": 0, "2": 0, "3": 0, "4": 0, "5": 0 },
        "branchMap": {
            "0": {
                "type": "branch",
                "line": 1,
                "loc": { "start": { "line": 1, "column": 181 }, "end": { "line": 6, "column": 24 } },
                "locations": [{ "start": { "line": 1, "column": 181 }, "end": { "line": 6, "column": 24 } }]
            }
        },
        "b": { "0": [0] },
        "fnMap": {
            "0": {
                "name": "(empty-report)",
                "decl": { "start": { "line": 1, "column": 181 }, "end": { "line": 6, "column": 24 } },
                "loc": { "start": { "line": 1, "column": 181 }, "end": { "line": 6, "column": 24 } },
                "line": 1
            }
        },
        "f": { "0": 0 }
    },
    "/home/runner/work/a12n-server-admin/a12n-server-admin/src/api/query-keys.ts": {
        "path": "/home/runner/work/a12n-server-admin/a12n-server-admin/src/api/query-keys.ts",
        "all": false,
        "statementMap": {
            "0": { "start": { "line": 1, "column": 0 }, "end": { "line": 1, "column": 26 } },
            "1": { "start": { "line": 2, "column": 0 }, "end": { "line": 2, "column": 12 } },
            "2": { "start": { "line": 3, "column": 0 }, "end": { "line": 3, "column": 32 } },
            "3": { "start": { "line": 4, "column": 0 }, "end": { "line": 4, "column": 55 } },
            "4": { "start": { "line": 5, "column": 0 }, "end": { "line": 5, "column": 6 } },
            "5": { "start": { "line": 6, "column": 0 }, "end": { "line": 6, "column": 12 } },
            "6": { "start": { "line": 7, "column": 0 }, "end": { "line": 7, "column": 32 } },
            "7": { "start": { "line": 8, "column": 0 }, "end": { "line": 8, "column": 41 } },
            "8": { "start": { "line": 9, "column": 0 }, "end": { "line": 9, "column": 39 } },
            "9": { "start": { "line": 10, "column": 0 }, "end": { "line": 10, "column": 55 } },
            "10": { "start": { "line": 11, "column": 0 }, "end": { "line": 11, "column": 6 } },
            "11": { "start": { "line": 12, "column": 0 }, "end": { "line": 12, "column": 17 } },
            "12": { "start": { "line": 13, "column": 0 }, "end": { "line": 13, "column": 37 } },
            "13": { "start": { "line": 14, "column": 0 }, "end": { "line": 14, "column": 60 } },
            "14": { "start": { "line": 15, "column": 0 }, "end": { "line": 15, "column": 6 } },
            "15": { "start": { "line": 16, "column": 0 }, "end": { "line": 16, "column": 11 } },
            "16": { "start": { "line": 17, "column": 0 }, "end": { "line": 17, "column": 31 } },
            "17": { "start": { "line": 18, "column": 0 }, "end": { "line": 18, "column": 54 } },
            "18": { "start": { "line": 19, "column": 0 }, "end": { "line": 19, "column": 6 } },
            "19": { "start": { "line": 20, "column": 0 }, "end": { "line": 20, "column": 11 } },
            "20": { "start": { "line": 21, "column": 0 }, "end": { "line": 21, "column": 31 } },
            "21": { "start": { "line": 22, "column": 0 }, "end": { "line": 22, "column": 40 } },
            "22": { "start": { "line": 23, "column": 0 }, "end": { "line": 23, "column": 54 } },
            "23": { "start": { "line": 24, "column": 0 }, "end": { "line": 24, "column": 6 } },
            "24": { "start": { "line": 25, "column": 0 }, "end": { "line": 25, "column": 13 } },
            "25": { "start": { "line": 26, "column": 0 }, "end": { "line": 26, "column": 33 } },
            "26": { "start": { "line": 27, "column": 0 }, "end": { "line": 27, "column": 56 } },
            "27": { "start": { "line": 28, "column": 0 }, "end": { "line": 28, "column": 6 } },
            "28": { "start": { "line": 29, "column": 0 }, "end": { "line": 29, "column": 2 } }
        },
        "s": {
            "0": 1,
            "1": 1,
            "2": 1,
            "3": 1,
            "4": 1,
            "5": 1,
            "6": 1,
            "7": 1,
            "8": 1,
            "9": 1,
            "10": 1,
            "11": 1,
            "12": 1,
            "13": 1,
            "14": 1,
            "15": 1,
            "16": 1,
            "17": 1,
            "18": 1,
            "19": 1,
            "20": 1,
            "21": 1,
            "22": 1,
            "23": 1,
            "24": 1,
            "25": 1,
            "26": 1,
            "27": 1,
            "28": 1
        },
        "branchMap": {},
        "b": {},
        "fnMap": {
            "0": {
                "name": "detail",
                "decl": { "start": { "line": 4, "column": 16 }, "end": { "line": 4, "column": 55 } },
                "loc": { "start": { "line": 4, "column": 16 }, "end": { "line": 4, "column": 55 } },
                "line": 4
            },
            "1": {
                "name": "detail",
                "decl": { "start": { "line": 10, "column": 16 }, "end": { "line": 10, "column": 55 } },
                "loc": { "start": { "line": 10, "column": 16 }, "end": { "line": 10, "column": 55 } },
                "line": 10
            },
            "2": {
                "name": "detail",
                "decl": { "start": { "line": 14, "column": 16 }, "end": { "line": 14, "column": 60 } },
                "loc": { "start": { "line": 14, "column": 16 }, "end": { "line": 14, "column": 60 } },
                "line": 14
            },
            "3": {
                "name": "detail",
                "decl": { "start": { "line": 18, "column": 16 }, "end": { "line": 18, "column": 54 } },
                "loc": { "start": { "line": 18, "column": 16 }, "end": { "line": 18, "column": 54 } },
                "line": 18
            },
            "4": {
                "name": "detail",
                "decl": { "start": { "line": 23, "column": 16 }, "end": { "line": 23, "column": 54 } },
                "loc": { "start": { "line": 23, "column": 16 }, "end": { "line": 23, "column": 54 } },
                "line": 23
            },
            "5": {
                "name": "detail",
                "decl": { "start": { "line": 27, "column": 16 }, "end": { "line": 27, "column": 56 } },
                "loc": { "start": { "line": 27, "column": 16 }, "end": { "line": 27, "column": 56 } },
                "line": 27
            }
        },
        "f": { "0": 0, "1": 0, "2": 0, "3": 0, "4": 0, "5": 0 }
    },
    "/home/runner/work/a12n-server-admin/a12n-server-admin/src/api/apps/getAllApps.ts": {
        "path": "/home/runner/work/a12n-server-admin/a12n-server-admin/src/api/apps/getAllApps.ts",
        "all": true,
        "statementMap": {
            "0": { "start": { "line": 1, "column": 0 }, "end": { "line": 1, "column": 53 } },
            "2": { "start": { "line": 3, "column": 0 }, "end": { "line": 3, "column": 45 } },
            "4": { "start": { "line": 5, "column": 0 }, "end": { "line": 5, "column": 44 } },
            "6": { "start": { "line": 7, "column": 0 }, "end": { "line": 7, "column": 42 } },
            "8": { "start": { "line": 9, "column": 0 }, "end": { "line": 9, "column": 41 } },
            "9": { "start": { "line": 10, "column": 0 }, "end": { "line": 10, "column": 25 } },
            "10": { "start": { "line": 11, "column": 0 }, "end": { "line": 11, "column": 37 } },
            "11": { "start": { "line": 12, "column": 0 }, "end": { "line": 12, "column": 30 } },
            "12": { "start": { "line": 13, "column": 0 }, "end": { "line": 13, "column": 44 } },
            "13": { "start": { "line": 14, "column": 0 }, "end": { "line": 14, "column": 60 } },
            "14": { "start": { "line": 15, "column": 0 }, "end": { "line": 15, "column": 35 } },
            "16": { "start": { "line": 17, "column": 0 }, "end": { "line": 17, "column": 55 } },
            "18": { "start": { "line": 19, "column": 0 }, "end": { "line": 19, "column": 73 } },
            "19": { "start": { "line": 20, "column": 0 }, "end": { "line": 20, "column": 21 } },
            "21": { "start": { "line": 22, "column": 0 }, "end": { "line": 22, "column": 55 } },
            "22": { "start": { "line": 23, "column": 0 }, "end": { "line": 23, "column": 58 } },
            "23": { "start": { "line": 24, "column": 0 }, "end": { "line": 24, "column": 41 } },
            "24": { "start": { "line": 25, "column": 0 }, "end": { "line": 25, "column": 63 } },
            "25": { "start": { "line": 26, "column": 0 }, "end": { "line": 26, "column": 33 } },
            "26": { "start": { "line": 27, "column": 0 }, "end": { "line": 27, "column": 72 } },
            "27": { "start": { "line": 28, "column": 0 }, "end": { "line": 28, "column": 32 } },
            "28": { "start": { "line": 29, "column": 0 }, "end": { "line": 29, "column": 17 } },
            "29": { "start": { "line": 30, "column": 0 }, "end": { "line": 30, "column": 15 } },
            "31": { "start": { "line": 32, "column": 0 }, "end": { "line": 32, "column": 69 } },
            "33": { "start": { "line": 34, "column": 0 }, "end": { "line": 34, "column": 30 } },
            "34": { "start": { "line": 35, "column": 0 }, "end": { "line": 35, "column": 10 } },
            "35": { "start": { "line": 36, "column": 0 }, "end": { "line": 36, "column": 46 } },
            "36": { "start": { "line": 37, "column": 0 }, "end": { "line": 37, "column": 7 } },
            "37": { "start": { "line": 38, "column": 0 }, "end": { "line": 38, "column": 2 } },
            "39": { "start": { "line": 40, "column": 0 }, "end": { "line": 40, "column": 26 } }
        },
        "s": {
            "0": 0,
            "2": 0,
            "4": 0,
            "6": 0,
            "8": 0,
            "9": 0,
            "10": 0,
            "11": 0,
            "12": 0,
            "13": 0,
            "14": 0,
            "16": 0,
            "18": 0,
            "19": 0,
            "21": 0,
            "22": 0,
            "23": 0,
            "24": 0,
            "25": 0,
            "26": 0,
            "27": 0,
            "28": 0,
            "29": 0,
            "31": 0,
            "33": 0,
            "34": 0,
            "35": 0,
            "36": 0,
            "37": 0,
            "39": 0
        },
        "branchMap": {
            "0": {
                "type": "branch",
                "line": 1,
                "loc": { "start": { "line": 1, "column": 1455 }, "end": { "line": 40, "column": 26 } },
                "locations": [{ "start": { "line": 1, "column": 1455 }, "end": { "line": 40, "column": 26 } }]
            }
        },
        "b": { "0": [0] },
        "fnMap": {
            "0": {
                "name": "(empty-report)",
                "decl": { "start": { "line": 1, "column": 1455 }, "end": { "line": 40, "column": 26 } },
                "loc": { "start": { "line": 1, "column": 1455 }, "end": { "line": 40, "column": 26 } },
                "line": 1
            }
        },
        "f": { "0": 0 }
    },
    "/home/runner/work/a12n-server-admin/a12n-server-admin/src/api/apps/index.ts": {
        "path": "/home/runner/work/a12n-server-admin/a12n-server-admin/src/api/apps/index.ts",
        "all": true,
        "statementMap": {
            "0": { "start": { "line": 1, "column": 0 }, "end": { "line": 1, "column": 53 } },
            "1": { "start": { "line": 2, "column": 0 }, "end": { "line": 2, "column": 63 } },
            "2": { "start": { "line": 3, "column": 0 }, "end": { "line": 3, "column": 67 } }
        },
        "s": { "0": 0, "1": 0, "2": 0 },
        "branchMap": {
            "0": {
                "type": "branch",
                "line": 1,
                "loc": { "start": { "line": 1, "column": 185 }, "end": { "line": 3, "column": 67 } },
                "locations": [{ "start": { "line": 1, "column": 185 }, "end": { "line": 3, "column": 67 } }]
            }
        },
        "b": { "0": [0] },
        "fnMap": {
            "0": {
                "name": "(empty-report)",
                "decl": { "start": { "line": 1, "column": 185 }, "end": { "line": 3, "column": 67 } },
                "loc": { "start": { "line": 1, "column": 185 }, "end": { "line": 3, "column": 67 } },
                "line": 1
            }
        },
        "f": { "0": 0 }
    },
    "/home/runner/work/a12n-server-admin/a12n-server-admin/src/api/apps/useAllAppsQuery.ts": {
        "path": "/home/runner/work/a12n-server-admin/a12n-server-admin/src/api/apps/useAllAppsQuery.ts",
        "all": true,
        "statementMap": {
            "0": { "start": { "line": 1, "column": 0 }, "end": { "line": 1, "column": 49 } },
            "1": { "start": { "line": 2, "column": 0 }, "end": { "line": 2, "column": 44 } },
            "2": { "start": { "line": 3, "column": 0 }, "end": { "line": 3, "column": 31 } },
            "3": { "start": { "line": 4, "column": 0 }, "end": { "line": 4, "column": 39 } },
            "6": { "start": { "line": 7, "column": 0 }, "end": { "line": 7, "column": 31 } },
            "7": { "start": { "line": 8, "column": 0 }, "end": { "line": 8, "column": 27 } },
            "8": { "start": { "line": 9, "column": 0 }, "end": { "line": 9, "column": 41 } },
            "9": { "start": { "line": 10, "column": 0 }, "end": { "line": 10, "column": 58 } },
            "11": { "start": { "line": 12, "column": 0 }, "end": { "line": 12, "column": 62 } },
            "13": { "start": { "line": 14, "column": 0 }, "end": { "line": 14, "column": 21 } },
            "14": { "start": { "line": 15, "column": 0 }, "end": { "line": 15, "column": 19 } },
            "15": { "start": { "line": 16, "column": 0 }, "end": { "line": 16, "column": 56 } },
            "16": { "start": { "line": 17, "column": 0 }, "end": { "line": 17, "column": 9 } },
            "17": { "start": { "line": 18, "column": 0 }, "end": { "line": 18, "column": 15 } },
            "19": { "start": { "line": 20, "column": 0 }, "end": { "line": 20, "column": 44 } },
            "20": { "start": { "line": 21, "column": 0 }, "end": { "line": 21, "column": 2 } },
            "22": { "start": { "line": 23, "column": 0 }, "end": { "line": 23, "column": 31 } }
        },
        "s": {
            "0": 0,
            "1": 0,
            "2": 0,
            "3": 0,
            "6": 0,
            "7": 0,
            "8": 0,
            "9": 0,
            "11": 0,
            "13": 0,
            "14": 0,
            "15": 0,
            "16": 0,
            "17": 0,
            "19": 0,
            "20": 0,
            "22": 0
        },
        "branchMap": {
            "0": {
                "type": "branch",
                "line": 1,
                "loc": { "start": { "line": 1, "column": 645 }, "end": { "line": 23, "column": 31 } },
                "locations": [{ "start": { "line": 1, "column": 645 }, "end": { "line": 23, "column": 31 } }]
            }
        },
        "b": { "0": [0] },
        "fnMap": {
            "0": {
                "name": "(empty-report)",
                "decl": { "start": { "line": 1, "column": 645 }, "end": { "line": 23, "column": 31 } },
                "loc": { "start": { "line": 1, "column": 645 }, "end": { "line": 23, "column": 31 } },
                "line": 1
            }
        },
        "f": { "0": 0 }
    },
    "/home/runner/work/a12n-server-admin/a12n-server-admin/src/api/apps/useCreateAppQuery.ts": {
        "path": "/home/runner/work/a12n-server-admin/a12n-server-admin/src/api/apps/useCreateAppQuery.ts",
        "all": false,
        "statementMap": {
            "0": { "start": { "line": 1, "column": 0 }, "end": { "line": 1, "column": 68 } },
            "1": { "start": { "line": 2, "column": 0 }, "end": { "line": 2, "column": 45 } },
            "2": { "start": { "line": 3, "column": 0 }, "end": { "line": 3, "column": 44 } },
            "4": { "start": { "line": 5, "column": 0 }, "end": { "line": 5, "column": 42 } },
            "6": { "start": { "line": 7, "column": 0 }, "end": { "line": 7, "column": 45 } },
            "7": { "start": { "line": 8, "column": 0 }, "end": { "line": 8, "column": 41 } },
            "9": { "start": { "line": 10, "column": 0 }, "end": { "line": 10, "column": 24 } },
            "10": { "start": { "line": 11, "column": 0 }, "end": { "line": 11, "column": 41 } },
            "11": { "start": { "line": 12, "column": 0 }, "end": { "line": 12, "column": 67 } },
            "12": { "start": { "line": 13, "column": 0 }, "end": { "line": 13, "column": 48 } },
            "13": { "start": { "line": 14, "column": 0 }, "end": { "line": 14, "column": 60 } },
            "14": { "start": { "line": 15, "column": 0 }, "end": { "line": 15, "column": 23 } },
            "15": { "start": { "line": 16, "column": 0 }, "end": { "line": 16, "column": 32 } },
            "16": { "start": { "line": 17, "column": 0 }, "end": { "line": 17, "column": 39 } },
            "17": { "start": { "line": 18, "column": 0 }, "end": { "line": 18, "column": 18 } },
            "18": { "start": { "line": 19, "column": 0 }, "end": { "line": 19, "column": 15 } },
            "20": { "start": { "line": 21, "column": 0 }, "end": { "line": 21, "column": 28 } },
            "21": { "start": { "line": 22, "column": 0 }, "end": { "line": 22, "column": 10 } },
            "22": { "start": { "line": 23, "column": 0 }, "end": { "line": 23, "column": 26 } },
            "24": { "start": { "line": 25, "column": 0 }, "end": { "line": 25, "column": 76 } },
            "25": { "start": { "line": 26, "column": 0 }, "end": { "line": 26, "column": 10 } },
            "26": { "start": { "line": 27, "column": 0 }, "end": { "line": 27, "column": 7 } },
            "27": { "start": { "line": 28, "column": 0 }, "end": { "line": 28, "column": 1 } },
            "29": { "start": { "line": 30, "column": 0 }, "end": { "line": 30, "column": 33 } }
        },
        "s": {
            "0": 1,
            "1": 1,
            "2": 1,
            "4": 1,
            "6": 2,
            "7": 2,
            "9": 2,
            "10": 2,
            "11": 2,
            "12": 2,
            "13": 2,
            "14": 2,
            "15": 2,
            "16": 2,
            "17": 2,
            "18": 2,
            "20": 2,
            "21": 2,
            "22": 2,
            "24": 2,
            "25": 2,
            "26": 2,
            "27": 2,
            "29": 1
        },
        "branchMap": {
            "0": {
                "type": "branch",
                "line": 7,
                "loc": { "start": { "line": 7, "column": 0 }, "end": { "line": 28, "column": 1 } },
                "locations": [{ "start": { "line": 7, "column": 0 }, "end": { "line": 28, "column": 1 } }]
            },
            "1": {
                "type": "branch",
                "line": 12,
                "loc": { "start": { "line": 12, "column": 20 }, "end": { "line": 22, "column": 10 } },
                "locations": [{ "start": { "line": 12, "column": 20 }, "end": { "line": 22, "column": 10 } }]
            },
            "2": {
                "type": "branch",
                "line": 23,
                "loc": { "start": { "line": 23, "column": 19 }, "end": { "line": 26, "column": 10 } },
                "locations": [{ "start": { "line": 23, "column": 19 }, "end": { "line": 26, "column": 10 } }]
            }
        },
        "b": { "0": [2], "1": [2], "2": [2] },
        "fnMap": {
            "0": {
                "name": "useCreateAppQuery",
                "decl": { "start": { "line": 7, "column": 0 }, "end": { "line": 28, "column": 1 } },
                "loc": { "start": { "line": 7, "column": 0 }, "end": { "line": 28, "column": 1 } },
                "line": 7
            },
            "1": {
                "name": "mutationFn",
                "decl": { "start": { "line": 12, "column": 20 }, "end": { "line": 22, "column": 10 } },
                "loc": { "start": { "line": 12, "column": 20 }, "end": { "line": 22, "column": 10 } },
                "line": 12
            },
            "2": {
                "name": "onSuccess",
                "decl": { "start": { "line": 23, "column": 19 }, "end": { "line": 26, "column": 10 } },
                "loc": { "start": { "line": 23, "column": 19 }, "end": { "line": 26, "column": 10 } },
                "line": 23
            }
        },
        "f": { "0": 2, "1": 2, "2": 2 }
    },
    "/home/runner/work/a12n-server-admin/a12n-server-admin/src/api/groups/getAllGroups.ts": {
        "path": "/home/runner/work/a12n-server-admin/a12n-server-admin/src/api/groups/getAllGroups.ts",
        "all": true,
        "statementMap": {
            "0": { "start": { "line": 1, "column": 0 }, "end": { "line": 1, "column": 53 } },
            "1": { "start": { "line": 2, "column": 0 }, "end": { "line": 2, "column": 45 } },
            "3": { "start": { "line": 4, "column": 0 }, "end": { "line": 4, "column": 44 } },
            "5": { "start": { "line": 6, "column": 0 }, "end": { "line": 6, "column": 42 } },
            "7": { "start": { "line": 8, "column": 0 }, "end": { "line": 8, "column": 43 } },
            "8": { "start": { "line": 9, "column": 0 }, "end": { "line": 9, "column": 25 } },
            "9": { "start": { "line": 10, "column": 0 }, "end": { "line": 10, "column": 39 } },
            "10": { "start": { "line": 11, "column": 0 }, "end": { "line": 11, "column": 30 } },
            "11": { "start": { "line": 12, "column": 0 }, "end": { "line": 12, "column": 44 } },
            "12": { "start": { "line": 13, "column": 0 }, "end": { "line": 13, "column": 62 } },
            "13": { "start": { "line": 14, "column": 0 }, "end": { "line": 14, "column": 37 } },
            "15": { "start": { "line": 16, "column": 0 }, "end": { "line": 16, "column": 99 } },
            "16": { "start": { "line": 17, "column": 0 }, "end": { "line": 17, "column": 88 } },
            "17": { "start": { "line": 18, "column": 0 }, "end": { "line": 18, "column": 21 } },
            "18": { "start": { "line": 19, "column": 0 }, "end": { "line": 19, "column": 57 } },
            "19": { "start": { "line": 20, "column": 0 }, "end": { "line": 20, "column": 60 } },
            "20": { "start": { "line": 21, "column": 0 }, "end": { "line": 21, "column": 33 } },
            "21": { "start": { "line": 22, "column": 0 }, "end": { "line": 22, "column": 37 } },
            "22": { "start": { "line": 23, "column": 0 }, "end": { "line": 23, "column": 33 } },
            "23": { "start": { "line": 24, "column": 0 }, "end": { "line": 24, "column": 74 } },
            "24": { "start": { "line": 25, "column": 0 }, "end": { "line": 25, "column": 32 } },
            "25": { "start": { "line": 26, "column": 0 }, "end": { "line": 26, "column": 17 } },
            "26": { "start": { "line": 27, "column": 0 }, "end": { "line": 27, "column": 15 } },
            "27": { "start": { "line": 28, "column": 0 }, "end": { "line": 28, "column": 53 } },
            "28": { "start": { "line": 29, "column": 0 }, "end": { "line": 29, "column": 10 } },
            "29": { "start": { "line": 30, "column": 0 }, "end": { "line": 30, "column": 46 } },
            "30": { "start": { "line": 31, "column": 0 }, "end": { "line": 31, "column": 43 } },
            "31": { "start": { "line": 32, "column": 0 }, "end": { "line": 32, "column": 7 } },
            "32": { "start": { "line": 33, "column": 0 }, "end": { "line": 33, "column": 2 } },
            "34": { "start": { "line": 35, "column": 0 }, "end": { "line": 35, "column": 28 } }
        },
        "s": {
            "0": 0,
            "1": 0,
            "3": 0,
            "5": 0,
            "7": 0,
            "8": 0,
            "9": 0,
            "10": 0,
            "11": 0,
            "12": 0,
            "13": 0,
            "15": 0,
            "16": 0,
            "17": 0,
            "18": 0,
            "19": 0,
            "20": 0,
            "21": 0,
            "22": 0,
            "23": 0,
            "24": 0,
            "25": 0,
            "26": 0,
            "27": 0,
            "28": 0,
            "29": 0,
            "30": 0,
            "31": 0,
            "32": 0,
            "34": 0
        },
        "branchMap": {
            "0": {
                "type": "branch",
                "line": 1,
                "loc": { "start": { "line": 1, "column": 1331 }, "end": { "line": 35, "column": 28 } },
                "locations": [{ "start": { "line": 1, "column": 1331 }, "end": { "line": 35, "column": 28 } }]
            }
        },
        "b": { "0": [0] },
        "fnMap": {
            "0": {
                "name": "(empty-report)",
                "decl": { "start": { "line": 1, "column": 1331 }, "end": { "line": 35, "column": 28 } },
                "loc": { "start": { "line": 1, "column": 1331 }, "end": { "line": 35, "column": 28 } },
                "line": 1
            }
        },
        "f": { "0": 0 }
    },
    "/home/runner/work/a12n-server-admin/a12n-server-admin/src/api/groups/index.ts": {
        "path": "/home/runner/work/a12n-server-admin/a12n-server-admin/src/api/groups/index.ts",
        "all": true,
        "statementMap": {
            "0": { "start": { "line": 1, "column": 0 }, "end": { "line": 1, "column": 57 } },
            "1": { "start": { "line": 2, "column": 0 }, "end": { "line": 2, "column": 67 } }
        },
        "s": { "0": 0, "1": 0 },
        "branchMap": {
            "0": {
                "type": "branch",
                "line": 1,
                "loc": { "start": { "line": 1, "column": 125 }, "end": { "line": 2, "column": 67 } },
                "locations": [{ "start": { "line": 1, "column": 125 }, "end": { "line": 2, "column": 67 } }]
            }
        },
        "b": { "0": [0] },
        "fnMap": {
            "0": {
                "name": "(empty-report)",
                "decl": { "start": { "line": 1, "column": 125 }, "end": { "line": 2, "column": 67 } },
                "loc": { "start": { "line": 1, "column": 125 }, "end": { "line": 2, "column": 67 } },
                "line": 1
            }
        },
        "f": { "0": 0 }
    },
    "/home/runner/work/a12n-server-admin/a12n-server-admin/src/api/groups/useAllGroupsQuery.ts": {
        "path": "/home/runner/work/a12n-server-admin/a12n-server-admin/src/api/groups/useAllGroupsQuery.ts",
        "all": true,
        "statementMap": {
            "0": { "start": { "line": 1, "column": 0 }, "end": { "line": 1, "column": 49 } },
            "1": { "start": { "line": 2, "column": 0 }, "end": { "line": 2, "column": 44 } },
            "2": { "start": { "line": 3, "column": 0 }, "end": { "line": 3, "column": 33 } },
            "3": { "start": { "line": 4, "column": 0 }, "end": { "line": 4, "column": 39 } },
            "6": { "start": { "line": 7, "column": 0 }, "end": { "line": 7, "column": 33 } },
            "7": { "start": { "line": 8, "column": 0 }, "end": { "line": 8, "column": 27 } },
            "8": { "start": { "line": 9, "column": 0 }, "end": { "line": 9, "column": 43 } },
            "9": { "start": { "line": 10, "column": 0 }, "end": { "line": 10, "column": 56 } },
            "10": { "start": { "line": 11, "column": 0 }, "end": { "line": 11, "column": 52 } },
            "11": { "start": { "line": 12, "column": 0 }, "end": { "line": 12, "column": 62 } },
            "13": { "start": { "line": 14, "column": 0 }, "end": { "line": 14, "column": 21 } },
            "14": { "start": { "line": 15, "column": 0 }, "end": { "line": 15, "column": 19 } },
            "15": { "start": { "line": 16, "column": 0 }, "end": { "line": 16, "column": 52 } },
            "16": { "start": { "line": 17, "column": 0 }, "end": { "line": 17, "column": 62 } },
            "17": { "start": { "line": 18, "column": 0 }, "end": { "line": 18, "column": 9 } },
            "18": { "start": { "line": 19, "column": 0 }, "end": { "line": 19, "column": 15 } },
            "20": { "start": { "line": 21, "column": 0 }, "end": { "line": 21, "column": 58 } },
            "21": { "start": { "line": 22, "column": 0 }, "end": { "line": 22, "column": 2 } },
            "23": { "start": { "line": 24, "column": 0 }, "end": { "line": 24, "column": 33 } }
        },
        "s": {
            "0": 0,
            "1": 0,
            "2": 0,
            "3": 0,
            "6": 0,
            "7": 0,
            "8": 0,
            "9": 0,
            "10": 0,
            "11": 0,
            "13": 0,
            "14": 0,
            "15": 0,
            "16": 0,
            "17": 0,
            "18": 0,
            "20": 0,
            "21": 0,
            "23": 0
        },
        "branchMap": {
            "0": {
                "type": "branch",
                "line": 1,
                "loc": { "start": { "line": 1, "column": 787 }, "end": { "line": 24, "column": 33 } },
                "locations": [{ "start": { "line": 1, "column": 787 }, "end": { "line": 24, "column": 33 } }]
            }
        },
        "b": { "0": [0] },
        "fnMap": {
            "0": {
                "name": "(empty-report)",
                "decl": { "start": { "line": 1, "column": 787 }, "end": { "line": 24, "column": 33 } },
                "loc": { "start": { "line": 1, "column": 787 }, "end": { "line": 24, "column": 33 } },
                "line": 1
            }
        },
        "f": { "0": 0 }
    },
    "/home/runner/work/a12n-server-admin/a12n-server-admin/src/api/interceptors/configureInterceptors.ts": {
        "path": "/home/runner/work/a12n-server-admin/a12n-server-admin/src/api/interceptors/configureInterceptors.ts",
        "all": true,
        "statementMap": {
            "1": { "start": { "line": 2, "column": 0 }, "end": { "line": 2, "column": 26 } },
            "4": { "start": { "line": 5, "column": 0 }, "end": { "line": 5, "column": 54 } },
            "5": { "start": { "line": 6, "column": 0 }, "end": { "line": 6, "column": 29 } },
            "6": { "start": { "line": 7, "column": 0 }, "end": { "line": 7, "column": 2 } },
            "8": { "start": { "line": 9, "column": 0 }, "end": { "line": 9, "column": 31 } },
            "9": { "start": { "line": 10, "column": 0 }, "end": { "line": 10, "column": 17 } },
            "10": { "start": { "line": 11, "column": 0 }, "end": { "line": 11, "column": 24 } },
            "11": { "start": { "line": 12, "column": 0 }, "end": { "line": 12, "column": 63 } },
            "12": { "start": { "line": 13, "column": 0 }, "end": { "line": 13, "column": 6 } },
            "13": { "start": { "line": 14, "column": 0 }, "end": { "line": 14, "column": 73 } },
            "15": { "start": { "line": 16, "column": 0 }, "end": { "line": 16, "column": 68 } },
            "16": { "start": { "line": 17, "column": 0 }, "end": { "line": 17, "column": 31 } },
            "17": { "start": { "line": 18, "column": 0 }, "end": { "line": 18, "column": 76 } },
            "18": { "start": { "line": 19, "column": 0 }, "end": { "line": 19, "column": 31 } },
            "19": { "start": { "line": 20, "column": 0 }, "end": { "line": 20, "column": 9 } },
            "21": { "start": { "line": 22, "column": 0 }, "end": { "line": 22, "column": 48 } },
            "22": { "start": { "line": 23, "column": 0 }, "end": { "line": 23, "column": 72 } },
            "23": { "start": { "line": 24, "column": 0 }, "end": { "line": 24, "column": 32 } },
            "24": { "start": { "line": 25, "column": 0 }, "end": { "line": 25, "column": 27 } },
            "25": { "start": { "line": 26, "column": 0 }, "end": { "line": 26, "column": 6 } },
            "27": { "start": { "line": 28, "column": 0 }, "end": { "line": 28, "column": 67 } },
            "28": { "start": { "line": 29, "column": 0 }, "end": { "line": 29, "column": 27 } },
            "29": { "start": { "line": 30, "column": 0 }, "end": { "line": 30, "column": 49 } },
            "31": { "start": { "line": 32, "column": 0 }, "end": { "line": 32, "column": 96 } },
            "33": { "start": { "line": 34, "column": 0 }, "end": { "line": 34, "column": 82 } },
            "34": { "start": { "line": 35, "column": 0 }, "end": { "line": 35, "column": 26 } },
            "35": { "start": { "line": 36, "column": 0 }, "end": { "line": 36, "column": 10 } },
            "36": { "start": { "line": 37, "column": 0 }, "end": { "line": 37, "column": 41 } },
            "37": { "start": { "line": 38, "column": 0 }, "end": { "line": 38, "column": 6 } },
            "39": { "start": { "line": 40, "column": 0 }, "end": { "line": 40, "column": 69 } },
            "40": { "start": { "line": 41, "column": 0 }, "end": { "line": 41, "column": 31 } },
            "41": { "start": { "line": 42, "column": 0 }, "end": { "line": 42, "column": 26 } },
            "42": { "start": { "line": 43, "column": 0 }, "end": { "line": 43, "column": 49 } },
            "44": { "start": { "line": 45, "column": 0 }, "end": { "line": 45, "column": 95 } },
            "45": { "start": { "line": 46, "column": 0 }, "end": { "line": 46, "column": 46 } },
            "47": { "start": { "line": 48, "column": 0 }, "end": { "line": 48, "column": 70 } },
            "48": { "start": { "line": 49, "column": 0 }, "end": { "line": 49, "column": 95 } },
            "50": { "start": { "line": 51, "column": 0 }, "end": { "line": 51, "column": 46 } },
            "51": { "start": { "line": 52, "column": 0 }, "end": { "line": 52, "column": 13 } },
            "53": { "start": { "line": 54, "column": 0 }, "end": { "line": 54, "column": 41 } },
            "54": { "start": { "line": 55, "column": 0 }, "end": { "line": 55, "column": 10 } },
            "55": { "start": { "line": 56, "column": 0 }, "end": { "line": 56, "column": 6 } },
            "57": { "start": { "line": 58, "column": 0 }, "end": { "line": 58, "column": 55 } },
            "58": { "start": { "line": 59, "column": 0 }, "end": { "line": 59, "column": 2 } },
            "60": { "start": { "line": 61, "column": 0 }, "end": { "line": 61, "column": 37 } }
        },
        "s": {
            "1": 0,
            "4": 0,
            "5": 0,
            "6": 0,
            "8": 0,
            "9": 0,
            "10": 0,
            "11": 0,
            "12": 0,
            "13": 0,
            "15": 0,
            "16": 0,
            "17": 0,
            "18": 0,
            "19": 0,
            "21": 0,
            "22": 0,
            "23": 0,
            "24": 0,
            "25": 0,
            "27": 0,
            "28": 0,
            "29": 0,
            "31": 0,
            "33": 0,
            "34": 0,
            "35": 0,
            "36": 0,
            "37": 0,
            "39": 0,
            "40": 0,
            "41": 0,
            "42": 0,
            "44": 0,
            "45": 0,
            "47": 0,
            "48": 0,
            "50": 0,
            "51": 0,
            "53": 0,
            "54": 0,
            "55": 0,
            "57": 0,
            "58": 0,
            "60": 0
        },
        "branchMap": {
            "0": {
                "type": "branch",
                "line": 1,
                "loc": { "start": { "line": 1, "column": 1966 }, "end": { "line": 61, "column": 37 } },
                "locations": [{ "start": { "line": 1, "column": 1966 }, "end": { "line": 61, "column": 37 } }]
            }
        },
        "b": { "0": [1] },
        "fnMap": {
            "0": {
                "name": "(empty-report)",
                "decl": { "start": { "line": 1, "column": 1966 }, "end": { "line": 61, "column": 37 } },
                "loc": { "start": { "line": 1, "column": 1966 }, "end": { "line": 61, "column": 37 } },
                "line": 1
            }
        },
        "f": { "0": 1 }
    },
    "/home/runner/work/a12n-server-admin/a12n-server-admin/src/api/interceptors/ejectInterceptors.ts": {
        "path": "/home/runner/work/a12n-server-admin/a12n-server-admin/src/api/interceptors/ejectInterceptors.ts",
        "all": true,
        "statementMap": {
            "2": { "start": { "line": 3, "column": 0 }, "end": { "line": 3, "column": 120 } },
            "3": { "start": { "line": 4, "column": 0 }, "end": { "line": 4, "column": 75 } },
            "4": { "start": { "line": 5, "column": 0 }, "end": { "line": 5, "column": 77 } },
            "5": { "start": { "line": 6, "column": 0 }, "end": { "line": 6, "column": 2 } },
            "7": { "start": { "line": 8, "column": 0 }, "end": { "line": 8, "column": 33 } }
        },
        "s": { "2": 0, "3": 0, "4": 0, "5": 0, "7": 0 },
        "branchMap": {
            "0": {
                "type": "branch",
                "line": 1,
                "loc": { "start": { "line": 1, "column": 344 }, "end": { "line": 8, "column": 33 } },
                "locations": [{ "start": { "line": 1, "column": 344 }, "end": { "line": 8, "column": 33 } }]
            }
        },
        "b": { "0": [1] },
        "fnMap": {
            "0": {
                "name": "(empty-report)",
                "decl": { "start": { "line": 1, "column": 344 }, "end": { "line": 8, "column": 33 } },
                "loc": { "start": { "line": 1, "column": 344 }, "end": { "line": 8, "column": 33 } },
                "line": 1
            }
        },
        "f": { "0": 1 }
    },
    "/home/runner/work/a12n-server-admin/a12n-server-admin/src/api/interceptors/index.ts": {
        "path": "/home/runner/work/a12n-server-admin/a12n-server-admin/src/api/interceptors/index.ts",
        "all": true,
        "statementMap": {
            "0": { "start": { "line": 1, "column": 0 }, "end": { "line": 1, "column": 75 } },
            "1": { "start": { "line": 2, "column": 0 }, "end": { "line": 2, "column": 67 } }
        },
        "s": { "0": 0, "1": 0 },
        "branchMap": {
            "0": {
                "type": "branch",
                "line": 1,
                "loc": { "start": { "line": 1, "column": 143 }, "end": { "line": 2, "column": 67 } },
                "locations": [{ "start": { "line": 1, "column": 143 }, "end": { "line": 2, "column": 67 } }]
            }
        },
        "b": { "0": [0] },
        "fnMap": {
            "0": {
                "name": "(empty-report)",
                "decl": { "start": { "line": 1, "column": 143 }, "end": { "line": 2, "column": 67 } },
                "loc": { "start": { "line": 1, "column": 143 }, "end": { "line": 2, "column": 67 } },
                "line": 1
            }
        },
        "f": { "0": 0 }
    },
    "/home/runner/work/a12n-server-admin/a12n-server-admin/src/api/privileges/getAllPrivileges.ts": {
        "path": "/home/runner/work/a12n-server-admin/a12n-server-admin/src/api/privileges/getAllPrivileges.ts",
        "all": true,
        "statementMap": {
            "0": { "start": { "line": 1, "column": 0 }, "end": { "line": 1, "column": 53 } },
            "1": { "start": { "line": 2, "column": 0 }, "end": { "line": 2, "column": 45 } },
            "3": { "start": { "line": 4, "column": 0 }, "end": { "line": 4, "column": 44 } },
            "5": { "start": { "line": 6, "column": 0 }, "end": { "line": 6, "column": 42 } },
            "7": { "start": { "line": 8, "column": 0 }, "end": { "line": 8, "column": 47 } },
            "8": { "start": { "line": 9, "column": 0 }, "end": { "line": 9, "column": 25 } },
            "9": { "start": { "line": 10, "column": 0 }, "end": { "line": 10, "column": 43 } },
            "10": { "start": { "line": 11, "column": 0 }, "end": { "line": 11, "column": 30 } },
            "11": { "start": { "line": 12, "column": 0 }, "end": { "line": 12, "column": 44 } },
            "12": { "start": { "line": 13, "column": 0 }, "end": { "line": 13, "column": 66 } },
            "13": { "start": { "line": 14, "column": 0 }, "end": { "line": 14, "column": 55 } },
            "14": { "start": { "line": 15, "column": 0 }, "end": { "line": 15, "column": 24 } },
            "15": { "start": { "line": 16, "column": 0 }, "end": { "line": 16, "column": 10 } },
            "16": { "start": { "line": 17, "column": 0 }, "end": { "line": 17, "column": 46 } },
            "17": { "start": { "line": 18, "column": 0 }, "end": { "line": 18, "column": 7 } },
            "18": { "start": { "line": 19, "column": 0 }, "end": { "line": 19, "column": 2 } },
            "19": { "start": { "line": 20, "column": 0 }, "end": { "line": 20, "column": 32 } }
        },
        "s": {
            "0": 0,
            "1": 0,
            "3": 0,
            "5": 0,
            "7": 0,
            "8": 0,
            "9": 0,
            "10": 0,
            "11": 0,
            "12": 0,
            "13": 0,
            "14": 0,
            "15": 0,
            "16": 0,
            "17": 0,
            "18": 0,
            "19": 0
        },
        "branchMap": {
            "0": {
                "type": "branch",
                "line": 1,
                "loc": { "start": { "line": 1, "column": 712 }, "end": { "line": 20, "column": 32 } },
                "locations": [{ "start": { "line": 1, "column": 712 }, "end": { "line": 20, "column": 32 } }]
            }
        },
        "b": { "0": [0] },
        "fnMap": {
            "0": {
                "name": "(empty-report)",
                "decl": { "start": { "line": 1, "column": 712 }, "end": { "line": 20, "column": 32 } },
                "loc": { "start": { "line": 1, "column": 712 }, "end": { "line": 20, "column": 32 } },
                "line": 1
            }
        },
        "f": { "0": 0 }
    },
    "/home/runner/work/a12n-server-admin/a12n-server-admin/src/api/privileges/index.ts": {
        "path": "/home/runner/work/a12n-server-admin/a12n-server-admin/src/api/privileges/index.ts",
        "all": true,
        "statementMap": {
            "0": { "start": { "line": 1, "column": 0 }, "end": { "line": 1, "column": 65 } },
            "1": { "start": { "line": 2, "column": 0 }, "end": { "line": 2, "column": 77 } }
        },
        "s": { "0": 0, "1": 0 },
        "branchMap": {
            "0": {
                "type": "branch",
                "line": 1,
                "loc": { "start": { "line": 1, "column": 143 }, "end": { "line": 2, "column": 77 } },
[...]
            "36": { "start": { "line": 37, "column": 0 }, "end": { "line": 37, "column": 15 } },
            "38": { "start": { "line": 39, "column": 0 }, "end": { "line": 39, "column": 67 } },
            "39": { "start": { "line": 40, "column": 0 }, "end": { "line": 40, "column": 77 } },
            "40": { "start": { "line": 41, "column": 0 }, "end": { "line": 41, "column": 35 } },
            "41": { "start": { "line": 42, "column": 0 }, "end": { "line": 42, "column": 37 } },
            "43": { "start": { "line": 44, "column": 0 }, "end": { "line": 44, "column": 40 } },
            "44": { "start": { "line": 45, "column": 0 }, "end": { "line": 45, "column": 23 } },
            "45": { "start": { "line": 46, "column": 0 }, "end": { "line": 46, "column": 28 } },
            "46": { "start": { "line": 47, "column": 0 }, "end": { "line": 47, "column": 38 } },
            "47": { "start": { "line": 48, "column": 0 }, "end": { "line": 48, "column": 31 } },
            "48": { "start": { "line": 49, "column": 0 }, "end": { "line": 49, "column": 46 } },
            "49": { "start": { "line": 50, "column": 0 }, "end": { "line": 50, "column": 9 } },
            "50": { "start": { "line": 51, "column": 0 }, "end": { "line": 51, "column": 6 } },
            "52": { "start": { "line": 53, "column": 0 }, "end": { "line": 53, "column": 44 } },
            "53": { "start": { "line": 54, "column": 0 }, "end": { "line": 54, "column": 13 } },
            "54": { "start": { "line": 55, "column": 0 }, "end": { "line": 55, "column": 65 } },
            "55": { "start": { "line": 56, "column": 0 }, "end": { "line": 56, "column": 33 } },
            "56": { "start": { "line": 57, "column": 0 }, "end": { "line": 57, "column": 29 } },
            "57": { "start": { "line": 58, "column": 0 }, "end": { "line": 58, "column": 23 } },
            "58": { "start": { "line": 59, "column": 0 }, "end": { "line": 59, "column": 31 } },
            "59": { "start": { "line": 60, "column": 0 }, "end": { "line": 60, "column": 49 } },
            "60": { "start": { "line": 61, "column": 0 }, "end": { "line": 61, "column": 9 } },
            "61": { "start": { "line": 62, "column": 0 }, "end": { "line": 62, "column": 6 } },
            "63": { "start": { "line": 64, "column": 0 }, "end": { "line": 64, "column": 12 } },
            "64": { "start": { "line": 65, "column": 0 }, "end": { "line": 65, "column": 30 } },
            "65": { "start": { "line": 66, "column": 0 }, "end": { "line": 66, "column": 117 } },
            "67": { "start": { "line": 68, "column": 0 }, "end": { "line": 68, "column": 22 } },
            "68": { "start": { "line": 69, "column": 0 }, "end": { "line": 69, "column": 32 } },
            "70": { "start": { "line": 71, "column": 0 }, "end": { "line": 71, "column": 2 } }
        },
        "s": {
            "0": 0,
            "1": 0,
            "2": 0,
            "4": 0,
            "5": 0,
            "6": 0,
            "8": 0,
            "9": 0,
            "10": 0,
            "11": 0,
            "13": 0,
            "14": 0,
            "15": 0,
            "16": 0,
            "18": 0,
            "19": 0,
            "20": 0,
            "21": 0,
            "22": 0,
            "23": 0,
            "25": 0,
            "26": 0,
            "27": 0,
            "28": 0,
            "29": 0,
            "31": 0,
            "32": 0,
            "33": 0,
            "34": 0,
            "35": 0,
            "36": 0,
            "38": 0,
            "39": 0,
            "40": 0,
            "41": 0,
            "43": 0,
            "44": 0,
            "45": 0,
            "46": 0,
            "47": 0,
            "48": 0,
            "49": 0,
            "50": 0,
            "52": 0,
            "53": 0,
            "54": 0,
            "55": 0,
            "56": 0,
            "57": 0,
            "58": 0,
            "59": 0,
            "60": 0,
            "61": 0,
            "63": 0,
            "64": 0,
            "65": 0,
            "67": 0,
            "68": 0,
            "70": 0
        },
        "branchMap": {
            "0": {
                "type": "branch",
                "line": 1,
                "loc": { "start": { "line": 1, "column": 2715 }, "end": { "line": 71, "column": 2 } },
                "locations": [{ "start": { "line": 1, "column": 2715 }, "end": { "line": 71, "column": 2 } }]
            }
        },
        "b": { "0": [0] },
        "fnMap": {
            "0": {
                "name": "(empty-report)",
                "decl": { "start": { "line": 1, "column": 2715 }, "end": { "line": 71, "column": 2 } },
                "loc": { "start": { "line": 1, "column": 2715 }, "end": { "line": 71, "column": 2 } },
                "line": 1
            }
        },
        "f": { "0": 0 }
    },
    "/home/runner/work/a12n-server-admin/a12n-server-admin/src/tests/auth.setup.ts": {
        "path": "/home/runner/work/a12n-server-admin/a12n-server-admin/src/tests/auth.setup.ts",
        "all": true,
        "statementMap": {
            "5": { "start": { "line": 6, "column": 0 }, "end": { "line": 6, "column": 57 } },
            "7": { "start": { "line": 8, "column": 0 }, "end": { "line": 8, "column": 46 } },
            "9": { "start": { "line": 10, "column": 0 }, "end": { "line": 10, "column": 36 } },
            "10": { "start": { "line": 11, "column": 0 }, "end": { "line": 11, "column": 66 } },
            "12": { "start": { "line": 13, "column": 0 }, "end": { "line": 13, "column": 68 } },
            "14": { "start": { "line": 15, "column": 0 }, "end": { "line": 15, "column": 83 } },
            "15": { "start": { "line": 16, "column": 0 }, "end": { "line": 16, "column": 86 } },
            "16": { "start": { "line": 17, "column": 0 }, "end": { "line": 17, "column": 46 } },
            "18": { "start": { "line": 19, "column": 0 }, "end": { "line": 19, "column": 58 } },
            "19": { "start": { "line": 20, "column": 0 }, "end": { "line": 20, "column": 3 } }
        },
        "s": { "5": 0, "7": 0, "9": 0, "10": 0, "12": 0, "14": 0, "15": 0, "16": 0, "18": 0, "19": 0 },
        "branchMap": {
            "0": {
                "type": "branch",
                "line": 1,
                "loc": { "start": { "line": 1, "column": 718 }, "end": { "line": 20, "column": 3 } },
                "locations": [{ "start": { "line": 1, "column": 718 }, "end": { "line": 20, "column": 3 } }]
            }
        },
        "b": { "0": [1] },
        "fnMap": {
            "0": {
                "name": "(empty-report)",
                "decl": { "start": { "line": 1, "column": 718 }, "end": { "line": 20, "column": 3 } },
                "loc": { "start": { "line": 1, "column": 718 }, "end": { "line": 20, "column": 3 } },
                "line": 1
            }
        },
        "f": { "0": 1 }
    },
    "/home/runner/work/a12n-server-admin/a12n-server-admin/src/types/api.ts": {
        "path": "/home/runner/work/a12n-server-admin/a12n-server-admin/src/types/api.ts",
        "all": false,
        "statementMap": {},
        "s": {},
        "branchMap": {},
        "b": {},
        "fnMap": {},
        "f": {}
    },
    "/home/runner/work/a12n-server-admin/a12n-server-admin/src/types/forms.ts": {
        "path": "/home/runner/work/a12n-server-admin/a12n-server-admin/src/types/forms.ts",
        "all": false,
        "statementMap": {
            "0": { "start": { "line": 1, "column": 0 }, "end": { "line": 1, "column": 24 } },
            "2": { "start": { "line": 3, "column": 0 }, "end": { "line": 3, "column": 47 } },
            "3": { "start": { "line": 4, "column": 0 }, "end": { "line": 4, "column": 70 } },
            "4": { "start": { "line": 5, "column": 0 }, "end": { "line": 5, "column": 106 } },
            "5": { "start": { "line": 6, "column": 0 }, "end": { "line": 6, "column": 38 } },
            "6": { "start": { "line": 7, "column": 0 }, "end": { "line": 7, "column": 35 } },
            "7": { "start": { "line": 8, "column": 0 }, "end": { "line": 8, "column": 3 } },
            "9": { "start": { "line": 10, "column": 0 }, "end": { "line": 10, "column": 47 } },
            "10": { "start": { "line": 11, "column": 0 }, "end": { "line": 11, "column": 70 } },
            "11": { "start": { "line": 12, "column": 0 }, "end": { "line": 12, "column": 24 } },
            "12": { "start": { "line": 13, "column": 0 }, "end": { "line": 13, "column": 3 } },
            "20": { "start": { "line": 21, "column": 0 }, "end": { "line": 21, "column": 46 } },
            "21": { "start": { "line": 22, "column": 0 }, "end": { "line": 22, "column": 68 } },
            "22": { "start": { "line": 23, "column": 0 }, "end": { "line": 23, "column": 91 } },
            "23": { "start": { "line": 24, "column": 0 }, "end": { "line": 24, "column": 3 } },
            "25": { "start": { "line": 26, "column": 0 }, "end": { "line": 26, "column": 46 } },
            "26": { "start": { "line": 27, "column": 0 }, "end": { "line": 27, "column": 68 } },
            "27": { "start": { "line": 28, "column": 0 }, "end": { "line": 28, "column": 91 } },
            "28": { "start": { "line": 29, "column": 0 }, "end": { "line": 29, "column": 3 } }
        },
        "s": {
            "0": 1,
            "2": 1,
            "3": 1,
            "4": 1,
            "5": 1,
            "6": 1,
            "7": 1,
            "9": 1,
            "10": 1,
            "11": 1,
            "12": 1,
            "20": 1,
            "21": 1,
            "22": 1,
            "23": 1,
            "25": 1,
            "26": 1,
            "27": 1,
            "28": 1
        },
        "branchMap": {},
        "b": {},
        "fnMap": {},
        "f": {}
    },
    "/home/runner/work/a12n-server-admin/a12n-server-admin/src/types/index.ts": {
        "path": "/home/runner/work/a12n-server-admin/a12n-server-admin/src/types/index.ts",
        "all": false,
        "statementMap": {
            "2": { "start": { "line": 3, "column": 0 }, "end": { "line": 3, "column": 22 } },
            "3": { "start": { "line": 4, "column": 0 }, "end": { "line": 4, "column": 24 } },
            "4": { "start": { "line": 5, "column": 0 }, "end": { "line": 5, "column": 25 } }
        },
        "s": { "2": 1, "3": 1, "4": 1 },
        "branchMap": {},
        "b": {},
        "fnMap": {},
        "f": {}
    },
    "/home/runner/work/a12n-server-admin/a12n-server-admin/src/types/models.ts": {
        "path": "/home/runner/work/a12n-server-admin/a12n-server-admin/src/types/models.ts",
        "all": false,
        "statementMap": {
            "46": { "start": { "line": 47, "column": 0 }, "end": { "line": 47, "column": 26 } },
            "47": { "start": { "line": 48, "column": 0 }, "end": { "line": 48, "column": 18 } },
            "48": { "start": { "line": 49, "column": 0 }, "end": { "line": 49, "column": 16 } },
            "49": { "start": { "line": 50, "column": 0 }, "end": { "line": 50, "column": 20 } }
        },
        "s": { "46": 1, "47": 1, "48": 1, "49": 1 },
        "branchMap": {
            "0": {
                "type": "branch",
                "line": 47,
                "loc": { "start": { "line": 47, "column": 7 }, "end": { "line": 47, "column": 26 } },
                "locations": [{ "start": { "line": 47, "column": 7 }, "end": { "line": 47, "column": 26 } }]
            }
        },
        "b": { "0": [1] },
        "fnMap": {},
        "f": {}
    },
    "/home/runner/work/a12n-server-admin/a12n-server-admin/src/utils/formatApiPath.ts": {
        "path": "/home/runner/work/a12n-server-admin/a12n-server-admin/src/utils/formatApiPath.ts",
        "all": false,
        "statementMap": {
            "23": { "start": { "line": 24, "column": 0 }, "end": { "line": 24, "column": 104 } },
            "24": { "start": { "line": 25, "column": 0 }, "end": { "line": 25, "column": 92 } },
            "26": { "start": { "line": 27, "column": 0 }, "end": { "line": 27, "column": 22 } },
            "27": { "start": { "line": 28, "column": 0 }, "end": { "line": 28, "column": 55 } },
            "28": { "start": { "line": 29, "column": 0 }, "end": { "line": 29, "column": 94 } },
            "29": { "start": { "line": 30, "column": 0 }, "end": { "line": 30, "column": 23 } },
            "31": { "start": { "line": 32, "column": 0 }, "end": { "line": 32, "column": 59 } },
            "32": { "start": { "line": 33, "column": 0 }, "end": { "line": 33, "column": 5 } },
            "34": { "start": { "line": 35, "column": 0 }, "end": { "line": 35, "column": 24 } },
            "35": { "start": { "line": 36, "column": 0 }, "end": { "line": 36, "column": 1 } }
        },
        "s": { "23": 2, "24": 2, "26": 2, "27": 0, "28": 0, "29": 0, "31": 0, "32": 0, "34": 2, "35": 2 },
        "branchMap": {
            "0": {
                "type": "branch",
                "line": 24,
                "loc": { "start": { "line": 24, "column": 0 }, "end": { "line": 36, "column": 1 } },
                "locations": [{ "start": { "line": 24, "column": 0 }, "end": { "line": 36, "column": 1 } }]
            },
            "1": {
                "type": "branch",
                "line": 27,
                "loc": { "start": { "line": 27, "column": 21 }, "end": { "line": 33, "column": 5 } },
                "locations": [{ "start": { "line": 27, "column": 21 }, "end": { "line": 33, "column": 5 } }]
            },
            "2": {
                "type": "branch",
                "line": 25,
                "loc": { "start": { "line": 25, "column": 32 }, "end": { "line": 25, "column": 81 } },
                "locations": [{ "start": { "line": 25, "column": 32 }, "end": { "line": 25, "column": 81 } }]
            }
        },
        "b": { "0": [2], "1": [0], "2": [2] },
        "fnMap": {
            "0": {
                "name": "formatAPIPath",
                "decl": { "start": { "line": 24, "column": 0 }, "end": { "line": 36, "column": 1 } },
                "loc": { "start": { "line": 24, "column": 0 }, "end": { "line": 36, "column": 1 } },
                "line": 24
            }
        },
        "f": { "0": 2 }
    },
    "/home/runner/work/a12n-server-admin/a12n-server-admin/src/utils/index.ts": {
        "path": "/home/runner/work/a12n-server-admin/a12n-server-admin/src/utils/index.ts",
        "all": false,
        "statementMap": { "0": { "start": { "line": 1, "column": 0 }, "end": { "line": 1, "column": 59 } } },
        "s": { "0": 1 },
        "branchMap": {},
        "b": {},
        "fnMap": {},
        "f": {}
    },
    "/home/runner/work/a12n-server-admin/a12n-server-admin/src/utils/helpers/models.ts": {
        "path": "/home/runner/work/a12n-server-admin/a12n-server-admin/src/utils/helpers/models.ts",
        "all": false,
        "statementMap": {
            "2": { "start": { "line": 3, "column": 0 }, "end": { "line": 3, "column": 20 } },
            "3": { "start": { "line": 4, "column": 0 }, "end": { "line": 4, "column": 54 } },
            "4": { "start": { "line": 5, "column": 0 }, "end": { "line": 5, "column": 59 } },
            "5": { "start": { "line": 6, "column": 0 }, "end": { "line": 6, "column": 5 } },
            "7": { "start": { "line": 8, "column": 0 }, "end": { "line": 8, "column": 53 } },
            "8": { "start": { "line": 9, "column": 0 }, "end": { "line": 9, "column": 26 } },
            "9": { "start": { "line": 10, "column": 0 }, "end": { "line": 10, "column": 32 } },
            "11": { "start": { "line": 12, "column": 0 }, "end": { "line": 12, "column": 44 } },
            "12": { "start": { "line": 13, "column": 0 }, "end": { "line": 13, "column": 25 } },
            "13": { "start": { "line": 14, "column": 0 }, "end": { "line": 14, "column": 9 } },
            "15": { "start": { "line": 16, "column": 0 }, "end": { "line": 16, "column": 33 } },
            "16": { "start": { "line": 17, "column": 0 }, "end": { "line": 17, "column": 22 } },
            "17": { "start": { "line": 18, "column": 0 }, "end": { "line": 18, "column": 9 } },
            "19": { "start": { "line": 20, "column": 0 }, "end": { "line": 20, "column": 32 } },
            "20": { "start": { "line": 21, "column": 0 }, "end": { "line": 21, "column": 50 } },
            "21": { "start": { "line": 22, "column": 0 }, "end": { "line": 22, "column": 57 } },
            "22": { "start": { "line": 23, "column": 0 }, "end": { "line": 23, "column": 22 } },
            "23": { "start": { "line": 24, "column": 0 }, "end": { "line": 24, "column": 13 } },
            "24": { "start": { "line": 25, "column": 0 }, "end": { "line": 25, "column": 9 } },
            "26": { "start": { "line": 27, "column": 0 }, "end": { "line": 27, "column": 21 } },
            "27": { "start": { "line": 28, "column": 0 }, "end": { "line": 28, "column": 5 } },
            "28": { "start": { "line": 29, "column": 0 }, "end": { "line": 29, "column": 1 } },
            "30": { "start": { "line": 31, "column": 0 }, "end": { "line": 31, "column": 21 } },
            "31": { "start": { "line": 32, "column": 0 }, "end": { "line": 32, "column": 57 } },
            "32": { "start": { "line": 33, "column": 0 }, "end": { "line": 33, "column": 61 } },
            "33": { "start": { "line": 34, "column": 0 }, "end": { "line": 34, "column": 5 } },
            "34": { "start": { "line": 35, "column": 0 }, "end": { "line": 35, "column": 1 } },
            "36": { "start": { "line": 37, "column": 0 }, "end": { "line": 37, "column": 19 } },
            "37": { "start": { "line": 38, "column": 0 }, "end": { "line": 38, "column": 51 } },
            "38": { "start": { "line": 39, "column": 0 }, "end": { "line": 39, "column": 57 } },
            "39": { "start": { "line": 40, "column": 0 }, "end": { "line": 40, "column": 5 } },
            "40": { "start": { "line": 41, "column": 0 }, "end": { "line": 41, "column": 1 } }
        },
        "s": {
            "2": 1,
            "3": 1,
            "4": 0,
            "5": 0,
            "7": 1,
            "8": 0,
            "9": 0,
            "11": 0,
            "12": 0,
            "13": 0,
            "15": 0,
            "16": 0,
            "17": 0,
            "19": 0,
            "20": 0,
            "21": 0,
            "22": 0,
            "23": 0,
            "24": 0,
            "26": 0,
            "27": 0,
            "28": 1,
            "30": 1,
            "31": 1,
            "32": 0,
            "33": 0,
            "34": 1,
            "36": 1,
            "37": 1,
            "38": 0,
            "39": 0,
            "40": 1
        },
        "branchMap": {},
        "b": {},
        "fnMap": {
            "0": {
                "name": "parseUserID",
                "decl": { "start": { "line": 4, "column": 11 }, "end": { "line": 6, "column": 5 } },
                "loc": { "start": { "line": 4, "column": 11 }, "end": { "line": 6, "column": 5 } },
                "line": 4
            },
            "1": {
                "name": "parseEmail",
                "decl": { "start": { "line": 8, "column": 11 }, "end": { "line": 28, "column": 5 } },
                "loc": { "start": { "line": 8, "column": 11 }, "end": { "line": 28, "column": 5 } },
                "line": 8
            },
            "2": {
                "name": "parseGroupID",
                "decl": { "start": { "line": 32, "column": 11 }, "end": { "line": 34, "column": 5 } },
                "loc": { "start": { "line": 32, "column": 11 }, "end": { "line": 34, "column": 5 } },
                "line": 32
            },
            "3": {
                "name": "parseAppID",
                "decl": { "start": { "line": 38, "column": 11 }, "end": { "line": 40, "column": 5 } },
                "loc": { "start": { "line": 38, "column": 11 }, "end": { "line": 40, "column": 5 } },
                "line": 38
            }
        },
        "f": { "0": 0, "1": 0, "2": 0, "3": 0 }
    }
}
